0 verbose cli /data/data/com.termux/files/usr/bin/node /data/data/com.termux/files/usr/bin/npm
1 info using npm@11.16.0
2 info using node@v26.2.0
3 silly config load:file:/data/data/com.termux/files/usr/lib/node_modules/npm/npmrc
4 silly config load:file:/data/data/com.termux/files/home/.npmrc
5 silly config load:file:/data/data/com.termux/files/usr/etc/npmrc
6 verbose title npm install bybit-api axios readline-sync
7 verbose argv "install" "bybit-api" "axios" "readline-sync"
8 verbose logfile logs-max:10 dir:/data/data/com.termux/files/home/.npm/_logs/2026-06-09T13_32_47_051Z-
9 verbose logfile /data/data/com.termux/files/home/.npm/_logs/2026-06-09T13_32_47_051Z-debug-0.log
10 silly logfile done cleaning log files
11 silly packumentCache heap:1174405120 maxSize:293601280 maxEntrySize:146800640
12 silly idealTree buildDeps
13 silly fetch manifest bybit-api@^4.6.4
14 silly packumentCache full:https://registry.npmjs.org/bybit-api cache-miss
15 http fetch GET 200 https://registry.npmjs.org/bybit-api 769ms (cache revalidated)
16 silly packumentCache full:https://registry.npmjs.org/bybit-api set size:600916 disposed:false
17 silly fetch manifest axios@*
18 silly packumentCache full:https://registry.npmjs.org/axios cache-miss
19 http fetch GET 200 https://registry.npmjs.org/axios 97ms (cache revalidated)
20 silly packumentCache full:https://registry.npmjs.org/axios set size:827182 disposed:false
21 silly fetch manifest readline-sync@*
22 silly packumentCache full:https://registry.npmjs.org/readline-sync cache-miss
23 http fetch GET 200 https://registry.npmjs.org/readline-sync 101ms (cache miss)
24 silly packumentCache full:https://registry.npmjs.org/readline-sync set size:undefined disposed:false
25 silly placeDep ROOT axios@1.17.0 REPLACE for: home@1.0.0 want: *
26 silly placeDep ROOT bybit-api@4.6.4 REPLACE for: home@1.0.0 want: ^4.6.4
27 silly placeDep ROOT readline-sync@1.4.10 OK for: home@1.0.0 want: *
28 silly reify moves {}
29 silly audit bulk request {
29 silly audit   'agent-base': [ '6.0.2' ],
29 silly audit   asynckit: [ '0.4.0' ],
29 silly audit   ws: [ '8.21.0', '7.5.11' ],
29 silly audit   'call-bind-apply-helpers': [ '1.0.2' ],
29 silly audit   ccxt: [ '4.5.56' ],
29 silly audit   'combined-stream': [ '1.0.8' ],
29 silly audit   debug: [ '4.4.3' ],
29 silly audit   'delayed-stream': [ '1.0.0' ],
29 silly audit   dotenv: [ '17.4.2' ],
29 silly audit   'dunder-proto': [ '1.0.1' ],
29 silly audit   'es-define-property': [ '1.0.1' ],
29 silly audit   'es-errors': [ '1.3.0' ],
29 silly audit   'es-object-atoms': [ '1.1.2' ],
29 silly audit   'es-set-tostringtag': [ '2.1.0' ],
29 silly audit   'follow-redirects': [ '1.16.0' ],
29 silly audit   'form-data': [ '4.0.5' ],
29 silly audit   'function-bind': [ '1.1.2' ],
29 silly audit   'get-intrinsic': [ '1.3.0' ],
29 silly audit   'get-proto': [ '1.0.1' ],
29 silly audit   gopd: [ '1.2.0' ],
29 silly audit   'has-symbols': [ '1.1.0' ],
29 silly audit   'has-tostringtag': [ '1.0.2' ],
29 silly audit   hasown: [ '2.0.4' ],
29 silly audit   'https-proxy-agent': [ '5.0.1' ],
29 silly audit   'isomorphic-ws': [ '4.0.1' ],
29 silly audit   'math-intrinsics': [ '1.1.0' ],
29 silly audit   'mime-db': [ '1.52.0' ],
29 silly audit   'mime-types': [ '2.1.35' ],
29 silly audit   ms: [ '2.1.3' ],
29 silly audit   'proxy-from-env': [ '2.1.0' ],
29 silly audit   axios: [ '1.17.0' ],
29 silly audit   'bybit-api': [ '4.6.4' ],
29 silly audit   'readline-sync': [ '1.4.10' ]
29 silly audit }
30 http cache readline-sync@https://registry.npmjs.org/readline-sync/-/readline-sync-1.4.10.tgz 0ms (cache hit)
31 silly tarball no local data for readline-sync@https://registry.npmjs.org/readline-sync/-/readline-sync-1.4.10.tgz. Extracting by manifest.
32 http fetch POST 200 https://registry.npmjs.org/-/npm/v1/security/advisories/bulk 299ms
33 silly audit report {}
34 http fetch GET 200 https://registry.npmjs.org/readline-sync/-/readline-sync-1.4.10.tgz 306ms (cache miss)
35 silly ADD node_modules/readline-sync
36 warn allow-scripts 1 package has install scripts not yet covered by allowScripts:
36 warn allow-scripts   ccxt@4.5.56 (install: (install scripts present))
36 warn allow-scripts
36 warn allow-scripts Run `npm approve-scripts --allow-scripts-pending` to review, or `npm approve-scripts <pkg>` to allow.
37 verbose cwd /data/data/com.termux/files/home
38 verbose os Linux 5.10.236-android12-9-00003-gfb24cf99ad97-ab14313284
39 verbose node v26.2.0
40 verbose npm  v11.16.0
41 verbose exit 0
42 info ok
